<?xml version="1.0" encoding="UTF-8"?>
<testsuite xmlns:xsi="http://www.w3.org/2001/XMLSchema-instance" xsi:noNamespaceSchemaLocation="https://maven.apache.org/surefire/maven-surefire-plugin/xsd/surefire-test-report-3.0.xsd" version="3.0" name="storymagine.redacteur.coeur.domaine.orchestrator.WorkflowLogTest" time="0.307" tests="4" errors="0" skipped="0" failures="0">
  <properties>
[...]
</properties>
  <testcase name="writeWorkflow_draft_logsAllWriterSteps" classname="storymagine.redacteur.coeur.domaine.orchestrator.WorkflowLogTest" time="0.218"/>
  <testcase name="evaluateWorkflow_alwaysLogsStoryCompressor" classname="storymagine.redacteur.coeur.domaine.orchestrator.WorkflowLogTest" time="0.015"/>
  <testcase name="planWorkflow_standard_logsAllPlanAgents" classname="storymagine.redacteur.coeur.domaine.orchestrator.WorkflowLogTest" time="0.039"/>
  <testcase name="planOnly_doesNotLogWriteOrEval" classname="storymagine.redacteur.coeur.domaine.orchestrator.WorkflowLogTest" time="0.01"/>
</testsuite>